<?xml version="1.0" encoding="UTF-8"?>
<testng-results ignored="0" total="1" passed="1" failed="0" skipped="0">
  <reporter-output>
  </reporter-output>
  <suite started-at="2022-07-16T22:17:40 IST" name="Default suite" finished-at="2022-07-16T22:18:03 IST" duration-ms="23228">
    <groups>
    </groups>
    <test started-at="2022-07-16T22:17:40 IST" name="Default test" finished-at="2022-07-16T22:18:03 IST" duration-ms="23228">
      <class name="TestNG.LoginTest">
        <test-method is-config="true" signature="beforeMethod()[pri:0, instance:TestNG.LoginTest@4738a206]" started-at="2022-07-16T22:17:40 IST" name="beforeMethod" finished-at="2022-07-16T22:17:57 IST" duration-ms="17064" status="PASS">
          <reporter-output>
          </reporter-output>
        </test-method> <!-- beforeMethod -->
        <test-method signature="login()[pri:0, instance:TestNG.LoginTest@4738a206]" started-at="2022-07-16T22:17:57 IST" name="login" finished-at="2022-07-16T22:18:02 IST" duration-ms="4887" status="PASS">
          <reporter-output>
          </reporter-output>
        </test-method> <!-- login -->
        <test-method is-config="true" signature="logout()[pri:0, instance:TestNG.LoginTest@4738a206]" started-at="2022-07-16T22:18:02 IST" name="logout" finished-at="2022-07-16T22:18:03 IST" duration-ms="1208" status="PASS">
          <reporter-output>
          </reporter-output>
        </test-method> <!-- logout -->
      </class> <!-- TestNG.LoginTest -->
    </test> <!-- Default test -->
  </suite> <!-- Default suite -->
</testng-results>
